2024-12-18 11:23:43,stop,pomodoro,0
2024-12-18 11:26:45,start_long_break,long_break,0
2024-12-18 11:47:03,finish_long_break,long_break,0
2024-12-18 11:47:03,start_pomodoro,pomodoro,0
2024-12-18 12:12:03,finish_pomodoro,pomodoro,1
2024-12-18 12:12:03,start_break,break,1
2024-12-18 12:16:03,finish_break,break,1
2024-12-18 12:16:03,start_pomodoro,pomodoro,1
2024-12-18 12:41:03,finish_pomodoro,pomodoro,2
2024-12-18 12:41:03,start_break,break,2
2024-12-18 12:45:03,finish_break,break,2
2024-12-18 12:45:03,start_pomodoro,pomodoro,2
2024-12-18 13:10:03,finish_pomodoro,pomodoro,3
2024-12-18 13:10:03,start_break,break,3
2024-12-18 13:14:03,finish_break,break,3
2024-12-18 13:14:03,start_pomodoro,pomodoro,3
2024-12-18 13:39:03,finish_pomodoro,pomodoro,4
2024-12-18 13:39:03,start_long_break,long_break,0
2024-12-18 13:59:03,finish_long_break,long_break,0
2024-12-18 13:59:03,start_pomodoro,pomodoro,0
2024-12-18 14:24:03,finish_pomodoro,pomodoro,1
2024-12-18 14:24:03,start_break,break,1
2024-12-18 14:28:03,finish_break,break,1
2024-12-18 14:28:03,start_pomodoro,pomodoro,1
2024-12-18 14:53:03,finish_pomodoro,pomodoro,2
2024-12-18 14:53:03,start_break,break,2
2024-12-18 14:57:03,finish_break,break,2
2024-12-18 14:57:03,start_pomodoro,pomodoro,2
2024-12-18 15:22:03,finish_pomodoro,pomodoro,3
2024-12-18 15:22:03,start_break,break,3
2024-12-18 15:26:03,finish_break,break,3
2024-12-18 15:26:03,start_pomodoro,pomodoro,3
2024-12-18 15:51:03,finish_pomodoro,pomodoro,4
2024-12-18 15:51:03,start_long_break,long_break,0
2024-12-18 16:11:03,finish_long_break,long_break,0
2024-12-18 16:11:03,start_pomodoro,pomodoro,0
2024-12-18 16:36:03,finish_pomodoro,pomodoro,1
2024-12-18 16:36:03,start_break,break,1
2024-12-18 16:40:03,finish_break,break,1
2024-12-18 16:40:03,start_pomodoro,pomodoro,1
2024-12-18 17:05:03,finish_pomodoro,pomodoro,2
2024-12-18 17:05:03,start_break,break,2
2024-12-18 17:09:03,finish_break,break,2
2024-12-18 17:09:03,start_pomodoro,pomodoro,2
2024-12-18 17:34:03,finish_pomodoro,pomodoro,3
2024-12-18 17:34:03,start_break,break,3
2024-12-18 17:38:03,finish_break,break,3
2024-12-18 17:38:03,start_pomodoro,pomodoro,3
2024-12-18 18:03:03,finish_pomodoro,pomodoro,4
2024-12-18 18:03:03,start_long_break,long_break,0
2024-12-18 18:23:03,finish_long_break,long_break,0
2024-12-18 18:23:03,start_pomodoro,pomodoro,0
2024-12-18 18:48:03,finish_pomodoro,pomodoro,1
2024-12-18 18:48:03,start_break,break,1
2024-12-18 18:52:03,finish_break,break,1
2024-12-18 18:52:03,start_pomodoro,pomodoro,1
2024-12-18 19:17:03,finish_pomodoro,pomodoro,2
2024-12-18 19:17:03,start_break,break,2
2024-12-18 19:21:31,finish_break,break,2
2024-12-18 19:21:31,start_pomodoro,pomodoro,2
2024-12-18 19:46:31,finish_pomodoro,pomodoro,3
2024-12-18 19:46:31,start_break,break,3
2024-12-18 19:50:31,finish_break,break,3
2024-12-18 19:50:31,start_pomodoro,pomodoro,3
2024-12-18 20:15:31,finish_pomodoro,pomodoro,4
2024-12-18 20:15:31,start_long_break,long_break,0
2024-12-18 20:35:31,finish_long_break,long_break,0
2024-12-18 20:35:31,start_pomodoro,pomodoro,0
2024-12-18 21:00:31,finish_pomodoro,pomodoro,1
2024-12-18 21:00:31,start_break,break,1
2024-12-18 21:04:31,finish_break,break,1
2024-12-18 21:04:32,start_pomodoro,pomodoro,1
2024-12-18 21:29:33,finish_pomodoro,pomodoro,2
2024-12-18 21:29:33,start_break,break,2
2024-12-18 21:33:33,finish_break,break,2
2024-12-18 21:33:34,start_pomodoro,pomodoro,2
2024-12-18 21:58:33,finish_pomodoro,pomodoro,3
2024-12-18 21:58:34,start_break,break,3
2024-12-18 21:58:38,stop,pomodoro,0
2025-01-09 12:03:28,start_pomodoro,pomodoro,0
2025-01-09 12:28:42,finish_pomodoro,pomodoro,1
2025-01-09 12:28:42,start_break,break,1
2025-01-09 12:32:42,finish_break,break,1
2025-01-09 12:32:42,end_break_no_loop,pomodoro,0
